{"/Users/robbykurniawan/Desktop/Technical Test/KeDA Tech/Parking-System/server/app.js": {"path":"/Users/robbykurniawan/Desktop/Technical Test/KeDA Tech/Parking-System/server/app.js","statementMap":{"0":{"start":{"line":1,"column":16},"end":{"line":1,"column":34}},"1":{"start":{"line":2,"column":12},"end":{"line":2,"column":21}},"2":{"start":{"line":4,"column":15},"end":{"line":4,"column":34}},"3":{"start":{"line":5,"column":21},"end":{"line":5,"column":58}},"4":{"start":{"line":6,"column":13},"end":{"line":6,"column":28}},"5":{"start":{"line":8,"column":0},"end":{"line":8,"column":16}},"6":{"start":{"line":9,"column":0},"end":{"line":9,"column":49}},"7":{"start":{"line":10,"column":0},"end":{"line":10,"column":24}},"8":{"start":{"line":12,"column":0},"end":{"line":12,"column":16}},"9":{"start":{"line":14,"column":0},"end":{"line":14,"column":22}},"10":{"start":{"line":16,"column":0},"end":{"line":16,"column":21}}},"fnMap":{},"branchMap":{},"s":{"0":1,"1":1,"2":1,"3":1,"4":1,"5":1,"6":1,"7":1,"8":1,"9":1,"10":1},"f":{},"b":{},"_coverageSchema":"1a1c01bbd47fc00a2c39e90264f33305004495a9","hash":"6b942fbe4c6f036b6dec87b653b73a5cd63fbc16"}
,"/Users/robbykurniawan/Desktop/Technical Test/KeDA Tech/Parking-System/server/controllers/parkingController.js": {"path":"/Users/robbykurniawan/Desktop/Technical Test/KeDA Tech/Parking-System/server/controllers/parkingController.js","statementMap":{"0":{"start":{"line":1,"column":31},"end":{"line":1,"column":51}},"1":{"start":{"line":2,"column":15},"end":{"line":2,"column":24}},"2":{"start":{"line":6,"column":18},"end":{"line":6,"column":45}},"3":{"start":{"line":7,"column":53},"end":{"line":7,"column":62}},"4":{"start":{"line":8,"column":2},"end":{"line":15,"column":3}},"5":{"start":{"line":9,"column":3},"end":{"line":14,"column":4}},"6":{"start":{"line":10,"column":4},"end":{"line":13,"column":6}},"7":{"start":{"line":16,"column":2},"end":{"line":36,"column":3}},"8":{"start":{"line":22,"column":3},"end":{"line":25,"column":5}},"9":{"start":{"line":26,"column":9},"end":{"line":36,"column":3}},"10":{"start":{"line":27,"column":3},"end":{"line":30,"column":5}},"11":{"start":{"line":31,"column":9},"end":{"line":36,"column":3}},"12":{"start":{"line":32,"column":3},"end":{"line":35,"column":5}},"13":{"start":{"line":37,"column":2},"end":{"line":57,"column":3}},"14":{"start":{"line":43,"column":3},"end":{"line":46,"column":5}},"15":{"start":{"line":47,"column":9},"end":{"line":57,"column":3}},"16":{"start":{"line":48,"column":3},"end":{"line":51,"column":5}},"17":{"start":{"line":52,"column":9},"end":{"line":57,"column":3}},"18":{"start":{"line":53,"column":3},"end":{"line":56,"column":5}},"19":{"start":{"line":58,"column":2},"end":{"line":58,"column":23}},"20":{"start":{"line":59,"column":2},"end":{"line":64,"column":3}},"21":{"start":{"line":60,"column":20},"end":{"line":60,"column":50}},"22":{"start":{"line":61,"column":3},"end":{"line":61,"column":34}},"23":{"start":{"line":63,"column":3},"end":{"line":63,"column":15}},"24":{"start":{"line":68,"column":2},"end":{"line":125,"column":3}},"25":{"start":{"line":69,"column":37},"end":{"line":69,"column":45}},"26":{"start":{"line":71,"column":28},"end":{"line":75,"column":4}},"27":{"start":{"line":72,"column":15},"end":{"line":72,"column":31}},"28":{"start":{"line":73,"column":18},"end":{"line":73,"column":39}},"29":{"start":{"line":74,"column":4},"end":{"line":74,"column":19}},"30":{"start":{"line":76,"column":24},"end":{"line":76,"column":48}},"31":{"start":{"line":77,"column":25},"end":{"line":77,"column":50}},"32":{"start":{"line":78,"column":20},"end":{"line":78,"column":48}},"33":{"start":{"line":79,"column":3},"end":{"line":81,"column":4}},"34":{"start":{"line":80,"column":4},"end":{"line":80,"column":36}},"35":{"start":{"line":82,"column":15},"end":{"line":82,"column":43}},"36":{"start":{"line":83,"column":16},"end":{"line":83,"column":53}},"37":{"start":{"line":84,"column":18},"end":{"line":84,"column":62}},"38":{"start":{"line":85,"column":15},"end":{"line":85,"column":16}},"39":{"start":{"line":86,"column":3},"end":{"line":114,"column":4}},"40":{"start":{"line":87,"column":4},"end":{"line":89,"column":5}},"41":{"start":{"line":88,"column":5},"end":{"line":88,"column":26}},"42":{"start":{"line":90,"column":4},"end":{"line":96,"column":5}},"43":{"start":{"line":91,"column":5},"end":{"line":95,"column":6}},"44":{"start":{"line":92,"column":6},"end":{"line":92,"column":21}},"45":{"start":{"line":94,"column":6},"end":{"line":94,"column":27}},"46":{"start":{"line":97,"column":4},"end":{"line":99,"column":5}},"47":{"start":{"line":98,"column":5},"end":{"line":98,"column":19}},"48":{"start":{"line":100,"column":10},"end":{"line":114,"column":4}},"49":{"start":{"line":101,"column":4},"end":{"line":103,"column":5}},"50":{"start":{"line":102,"column":5},"end":{"line":102,"column":26}},"51":{"start":{"line":104,"column":4},"end":{"line":110,"column":5}},"52":{"start":{"line":105,"column":5},"end":{"line":109,"column":6}},"53":{"start":{"line":106,"column":6},"end":{"line":106,"column":21}},"54":{"start":{"line":108,"column":6},"end":{"line":108,"column":27}},"55":{"start":{"line":111,"column":4},"end":{"line":113,"column":5}},"56":{"start":{"line":112,"column":5},"end":{"line":112,"column":19}},"57":{"start":{"line":115,"column":3},"end":{"line":115,"column":22}},"58":{"start":{"line":116,"column":19},"end":{"line":121,"column":5}},"59":{"start":{"line":122,"column":3},"end":{"line":122,"column":37}},"60":{"start":{"line":124,"column":3},"end":{"line":124,"column":15}},"61":{"start":{"line":129,"column":0},"end":{"line":129,"column":35}}},"fnMap":{"0":{"name":"(anonymous_0)","decl":{"start":{"line":5,"column":1},"end":{"line":5,"column":2}},"loc":{"start":{"line":5,"column":42},"end":{"line":65,"column":2}},"line":5},"1":{"name":"(anonymous_1)","decl":{"start":{"line":67,"column":1},"end":{"line":67,"column":2}},"loc":{"start":{"line":67,"column":44},"end":{"line":126,"column":2}},"line":67},"2":{"name":"(anonymous_2)","decl":{"start":{"line":71,"column":28},"end":{"line":71,"column":29}},"loc":{"start":{"line":71,"column":40},"end":{"line":75,"column":4}},"line":71}},"branchMap":{"0":{"loc":{"start":{"line":8,"column":2},"end":{"line":15,"column":3}},"type":"if","locations":[{"start":{"line":8,"column":2},"end":{"line":15,"column":3}},{"start":{},"end":{}}],"line":8},"1":{"loc":{"start":{"line":8,"column":6},"end":{"line":8,"column":48}},"type":"binary-expr","locations":[{"start":{"line":8,"column":6},"end":{"line":8,"column":17}},{"start":{"line":8,"column":21},"end":{"line":8,"column":48}}],"line":8},"2":{"loc":{"start":{"line":9,"column":3},"end":{"line":14,"column":4}},"type":"if","locations":[{"start":{"line":9,"column":3},"end":{"line":14,"column":4}},{"start":{},"end":{}}],"line":9},"3":{"loc":{"start":{"line":16,"column":2},"end":{"line":36,"column":3}},"type":"if","locations":[{"start":{"line":16,"column":2},"end":{"line":36,"column":3}},{"start":{"line":26,"column":9},"end":{"line":36,"column":3}}],"line":16},"4":{"loc":{"start":{"line":17,"column":3},"end":{"line":20,"column":33}},"type":"binary-expr","locations":[{"start":{"line":17,"column":3},"end":{"line":17,"column":17}},{"start":{"line":18,"column":3},"end":{"line":18,"column":33}},{"start":{"line":19,"column":3},"end":{"line":19,"column":17}},{"start":{"line":20,"column":3},"end":{"line":20,"column":33}}],"line":17},"5":{"loc":{"start":{"line":26,"column":9},"end":{"line":36,"column":3}},"type":"if","locations":[{"start":{"line":26,"column":9},"end":{"line":36,"column":3}},{"start":{"line":31,"column":9},"end":{"line":36,"column":3}}],"line":26},"6":{"loc":{"start":{"line":26,"column":13},"end":{"line":26,"column":61}},"type":"binary-expr","locations":[{"start":{"line":26,"column":13},"end":{"line":26,"column":27}},{"start":{"line":26,"column":31},"end":{"line":26,"column":61}}],"line":26},"7":{"loc":{"start":{"line":31,"column":9},"end":{"line":36,"column":3}},"type":"if","locations":[{"start":{"line":31,"column":9},"end":{"line":36,"column":3}},{"start":{},"end":{}}],"line":31},"8":{"loc":{"start":{"line":31,"column":13},"end":{"line":31,"column":61}},"type":"binary-expr","locations":[{"start":{"line":31,"column":13},"end":{"line":31,"column":27}},{"start":{"line":31,"column":31},"end":{"line":31,"column":61}}],"line":31},"9":{"loc":{"start":{"line":37,"column":2},"end":{"line":57,"column":3}},"type":"if","locations":[{"start":{"line":37,"column":2},"end":{"line":57,"column":3}},{"start":{"line":47,"column":9},"end":{"line":57,"column":3}}],"line":37},"10":{"loc":{"start":{"line":38,"column":3},"end":{"line":41,"column":32}},"type":"binary-expr","locations":[{"start":{"line":38,"column":3},"end":{"line":38,"column":16}},{"start":{"line":39,"column":3},"end":{"line":39,"column":32}},{"start":{"line":40,"column":3},"end":{"line":40,"column":16}},{"start":{"line":41,"column":3},"end":{"line":41,"column":32}}],"line":38},"11":{"loc":{"start":{"line":47,"column":9},"end":{"line":57,"column":3}},"type":"if","locations":[{"start":{"line":47,"column":9},"end":{"line":57,"column":3}},{"start":{"line":52,"column":9},"end":{"line":57,"column":3}}],"line":47},"12":{"loc":{"start":{"line":47,"column":13},"end":{"line":47,"column":59}},"type":"binary-expr","locations":[{"start":{"line":47,"column":13},"end":{"line":47,"column":26}},{"start":{"line":47,"column":30},"end":{"line":47,"column":59}}],"line":47},"13":{"loc":{"start":{"line":52,"column":9},"end":{"line":57,"column":3}},"type":"if","locations":[{"start":{"line":52,"column":9},"end":{"line":57,"column":3}},{"start":{},"end":{}}],"line":52},"14":{"loc":{"start":{"line":52,"column":13},"end":{"line":52,"column":59}},"type":"binary-expr","locations":[{"start":{"line":52,"column":13},"end":{"line":52,"column":26}},{"start":{"line":52,"column":30},"end":{"line":52,"column":59}}],"line":52},"15":{"loc":{"start":{"line":79,"column":3},"end":{"line":81,"column":4}},"type":"if","locations":[{"start":{"line":79,"column":3},"end":{"line":81,"column":4}},{"start":{},"end":{}}],"line":79},"16":{"loc":{"start":{"line":86,"column":3},"end":{"line":114,"column":4}},"type":"if","locations":[{"start":{"line":86,"column":3},"end":{"line":114,"column":4}},{"start":{"line":100,"column":10},"end":{"line":114,"column":4}}],"line":86},"17":{"loc":{"start":{"line":87,"column":4},"end":{"line":89,"column":5}},"type":"if","locations":[{"start":{"line":87,"column":4},"end":{"line":89,"column":5}},{"start":{},"end":{}}],"line":87},"18":{"loc":{"start":{"line":90,"column":4},"end":{"line":96,"column":5}},"type":"if","locations":[{"start":{"line":90,"column":4},"end":{"line":96,"column":5}},{"start":{},"end":{}}],"line":90},"19":{"loc":{"start":{"line":91,"column":5},"end":{"line":95,"column":6}},"type":"if","locations":[{"start":{"line":91,"column":5},"end":{"line":95,"column":6}},{"start":{"line":93,"column":12},"end":{"line":95,"column":6}}],"line":91},"20":{"loc":{"start":{"line":97,"column":4},"end":{"line":99,"column":5}},"type":"if","locations":[{"start":{"line":97,"column":4},"end":{"line":99,"column":5}},{"start":{},"end":{}}],"line":97},"21":{"loc":{"start":{"line":97,"column":8},"end":{"line":97,"column":31}},"type":"binary-expr","locations":[{"start":{"line":97,"column":8},"end":{"line":97,"column":18}},{"start":{"line":97,"column":22},"end":{"line":97,"column":31}}],"line":97},"22":{"loc":{"start":{"line":100,"column":10},"end":{"line":114,"column":4}},"type":"if","locations":[{"start":{"line":100,"column":10},"end":{"line":114,"column":4}},{"start":{},"end":{}}],"line":100},"23":{"loc":{"start":{"line":101,"column":4},"end":{"line":103,"column":5}},"type":"if","locations":[{"start":{"line":101,"column":4},"end":{"line":103,"column":5}},{"start":{},"end":{}}],"line":101},"24":{"loc":{"start":{"line":104,"column":4},"end":{"line":110,"column":5}},"type":"if","locations":[{"start":{"line":104,"column":4},"end":{"line":110,"column":5}},{"start":{},"end":{}}],"line":104},"25":{"loc":{"start":{"line":105,"column":5},"end":{"line":109,"column":6}},"type":"if","locations":[{"start":{"line":105,"column":5},"end":{"line":109,"column":6}},{"start":{"line":107,"column":12},"end":{"line":109,"column":6}}],"line":105},"26":{"loc":{"start":{"line":111,"column":4},"end":{"line":113,"column":5}},"type":"if","locations":[{"start":{"line":111,"column":4},"end":{"line":113,"column":5}},{"start":{},"end":{}}],"line":111},"27":{"loc":{"start":{"line":111,"column":8},"end":{"line":111,"column":31}},"type":"binary-expr","locations":[{"start":{"line":111,"column":8},"end":{"line":111,"column":18}},{"start":{"line":111,"column":22},"end":{"line":111,"column":31}}],"line":111}},"s":{"0":1,"1":1,"2":48,"3":48,"4":48,"5":32,"6":32,"7":48,"8":12,"9":36,"10":12,"11":24,"12":12,"13":48,"14":12,"15":36,"16":12,"17":24,"18":12,"19":48,"20":48,"21":48,"22":48,"23":0,"24":5,"25":5,"26":5,"27":10,"28":10,"29":10,"30":5,"31":5,"32":5,"33":5,"34":1,"35":4,"36":4,"37":4,"38":4,"39":4,"40":3,"41":0,"42":3,"43":1,"44":0,"45":1,"46":3,"47":0,"48":1,"49":0,"50":0,"51":0,"52":0,"53":0,"54":0,"55":0,"56":0,"57":4,"58":4,"59":1,"60":4,"61":1},"f":{"0":48,"1":5,"2":10},"b":{"0":[32,16],"1":[48,48],"2":[32,0],"3":[12,36],"4":[48,48,24,24],"5":[12,24],"6":[36,36],"7":[12,12],"8":[24,24],"9":[12,36],"10":[48,48,24,24],"11":[12,24],"12":[36,36],"13":[12,12],"14":[24,24],"15":[1,4],"16":[3,1],"17":[0,3],"18":[1,2],"19":[0,1],"20":[0,3],"21":[3,0],"22":[0,1],"23":[0,0],"24":[0,0],"25":[0,0],"26":[0,0],"27":[0,0]},"_coverageSchema":"1a1c01bbd47fc00a2c39e90264f33305004495a9","hash":"20928658ea03634baa0a5081c421826bf6ac22a1"}
,"/Users/robbykurniawan/Desktop/Technical Test/KeDA Tech/Parking-System/server/middlewares/errorHandler.js": {"path":"/Users/robbykurniawan/Desktop/Technical Test/KeDA Tech/Parking-System/server/middlewares/errorHandler.js","statementMap":{"0":{"start":{"line":1,"column":21},"end":{"line":14,"column":1}},"1":{"start":{"line":2,"column":12},"end":{"line":2,"column":15}},"2":{"start":{"line":3,"column":15},"end":{"line":3,"column":38}},"3":{"start":{"line":4,"column":1},"end":{"line":4,"column":18}},"4":{"start":{"line":5,"column":1},"end":{"line":12,"column":2}},"5":{"start":{"line":6,"column":15},"end":{"line":6,"column":49}},"6":{"start":{"line":6,"column":38},"end":{"line":6,"column":48}},"7":{"start":{"line":7,"column":2},"end":{"line":7,"column":13}},"8":{"start":{"line":8,"column":2},"end":{"line":8,"column":22}},"9":{"start":{"line":9,"column":8},"end":{"line":12,"column":2}},"10":{"start":{"line":10,"column":2},"end":{"line":10,"column":13}},"11":{"start":{"line":11,"column":2},"end":{"line":11,"column":28}},"12":{"start":{"line":13,"column":1},"end":{"line":13,"column":36}},"13":{"start":{"line":16,"column":0},"end":{"line":16,"column":30}}},"fnMap":{"0":{"name":"(anonymous_0)","decl":{"start":{"line":1,"column":21},"end":{"line":1,"column":22}},"loc":{"start":{"line":1,"column":46},"end":{"line":14,"column":1}},"line":1},"1":{"name":"(anonymous_1)","decl":{"start":{"line":6,"column":30},"end":{"line":6,"column":31}},"loc":{"start":{"line":6,"column":38},"end":{"line":6,"column":48}},"line":6}},"branchMap":{"0":{"loc":{"start":{"line":5,"column":1},"end":{"line":12,"column":2}},"type":"if","locations":[{"start":{"line":5,"column":1},"end":{"line":12,"column":2}},{"start":{"line":9,"column":8},"end":{"line":12,"column":2}}],"line":5},"1":{"loc":{"start":{"line":9,"column":8},"end":{"line":12,"column":2}},"type":"if","locations":[{"start":{"line":9,"column":8},"end":{"line":12,"column":2}},{"start":{},"end":{}}],"line":9}},"s":{"0":1,"1":4,"2":4,"3":4,"4":4,"5":3,"6":3,"7":3,"8":3,"9":1,"10":1,"11":1,"12":4,"13":1},"f":{"0":4,"1":3},"b":{"0":[3,1],"1":[1,0]},"_coverageSchema":"1a1c01bbd47fc00a2c39e90264f33305004495a9","hash":"f68fed1eb1824ab8246276cd3160b88c82f13e7c"}
,"/Users/robbykurniawan/Desktop/Technical Test/KeDA Tech/Parking-System/server/models/index.js": {"path":"/Users/robbykurniawan/Desktop/Technical Test/KeDA Tech/Parking-System/server/models/index.js","statementMap":{"0":{"start":{"line":3,"column":11},"end":{"line":3,"column":24}},"1":{"start":{"line":4,"column":13},"end":{"line":4,"column":28}},"2":{"start":{"line":5,"column":18},"end":{"line":5,"column":38}},"3":{"start":{"line":6,"column":16},"end":{"line":6,"column":34}},"4":{"start":{"line":7,"column":17},"end":{"line":7,"column":42}},"5":{"start":{"line":8,"column":12},"end":{"line":8,"column":49}},"6":{"start":{"line":9,"column":15},"end":{"line":9,"column":65}},"7":{"start":{"line":10,"column":11},"end":{"line":10,"column":13}},"8":{"start":{"line":13,"column":0},"end":{"line":17,"column":1}},"9":{"start":{"line":14,"column":2},"end":{"line":14,"column":74}},"10":{"start":{"line":16,"column":2},"end":{"line":16,"column":87}},"11":{"start":{"line":19,"column":0},"end":{"line":27,"column":5}},"12":{"start":{"line":22,"column":4},"end":{"line":22,"column":90}},"13":{"start":{"line":25,"column":18},"end":{"line":25,"column":85}},"14":{"start":{"line":26,"column":4},"end":{"line":26,"column":27}},"15":{"start":{"line":29,"column":0},"end":{"line":33,"column":3}},"16":{"start":{"line":30,"column":2},"end":{"line":32,"column":3}},"17":{"start":{"line":31,"column":4},"end":{"line":31,"column":32}},"18":{"start":{"line":35,"column":0},"end":{"line":35,"column":25}},"19":{"start":{"line":36,"column":0},"end":{"line":36,"column":25}},"20":{"start":{"line":38,"column":0},"end":{"line":38,"column":20}}},"fnMap":{"0":{"name":"(anonymous_0)","decl":{"start":{"line":21,"column":10},"end":{"line":21,"column":11}},"loc":{"start":{"line":21,"column":18},"end":{"line":23,"column":3}},"line":21},"1":{"name":"(anonymous_1)","decl":{"start":{"line":24,"column":11},"end":{"line":24,"column":12}},"loc":{"start":{"line":24,"column":19},"end":{"line":27,"column":3}},"line":24},"2":{"name":"(anonymous_2)","decl":{"start":{"line":29,"column":24},"end":{"line":29,"column":25}},"loc":{"start":{"line":29,"column":37},"end":{"line":33,"column":1}},"line":29}},"branchMap":{"0":{"loc":{"start":{"line":8,"column":12},"end":{"line":8,"column":49}},"type":"binary-expr","locations":[{"start":{"line":8,"column":12},"end":{"line":8,"column":32}},{"start":{"line":8,"column":36},"end":{"line":8,"column":49}}],"line":8},"1":{"loc":{"start":{"line":13,"column":0},"end":{"line":17,"column":1}},"type":"if","locations":[{"start":{"line":13,"column":0},"end":{"line":17,"column":1}},{"start":{"line":15,"column":7},"end":{"line":17,"column":1}}],"line":13},"2":{"loc":{"start":{"line":22,"column":11},"end":{"line":22,"column":89}},"type":"binary-expr","locations":[{"start":{"line":22,"column":12},"end":{"line":22,"column":35}},{"start":{"line":22,"column":41},"end":{"line":22,"column":58}},{"start":{"line":22,"column":64},"end":{"line":22,"column":88}}],"line":22},"3":{"loc":{"start":{"line":30,"column":2},"end":{"line":32,"column":3}},"type":"if","locations":[{"start":{"line":30,"column":2},"end":{"line":32,"column":3}},{"start":{},"end":{}}],"line":30}},"s":{"0":1,"1":1,"2":1,"3":1,"4":1,"5":1,"6":1,"7":1,"8":1,"9":0,"10":1,"11":1,"12":2,"13":1,"14":1,"15":1,"16":1,"17":1,"18":1,"19":1,"20":1},"f":{"0":2,"1":1,"2":1},"b":{"0":[1,0],"1":[0,1],"2":[2,2,1],"3":[1,0]},"_coverageSchema":"1a1c01bbd47fc00a2c39e90264f33305004495a9","hash":"9e39fffd75b37a53f315274a57c38c6a19e8f880"}
,"/Users/robbykurniawan/Desktop/Technical Test/KeDA Tech/Parking-System/server/models/parking.js": {"path":"/Users/robbykurniawan/Desktop/Technical Test/KeDA Tech/Parking-System/server/models/parking.js","statementMap":{"0":{"start":{"line":2,"column":18},"end":{"line":2,"column":38}},"1":{"start":{"line":3,"column":0},"end":{"line":71,"column":2}},"2":{"start":{"line":14,"column":1},"end":{"line":69,"column":3}},"3":{"start":{"line":70,"column":1},"end":{"line":70,"column":16}}},"fnMap":{"0":{"name":"(anonymous_0)","decl":{"start":{"line":3,"column":17},"end":{"line":3,"column":18}},"loc":{"start":{"line":3,"column":43},"end":{"line":71,"column":1}},"line":3},"1":{"name":"(anonymous_1)","decl":{"start":{"line":10,"column":2},"end":{"line":10,"column":3}},"loc":{"start":{"line":10,"column":27},"end":{"line":12,"column":3}},"line":10}},"branchMap":{},"s":{"0":1,"1":1,"2":1,"3":1},"f":{"0":1,"1":1},"b":{},"_coverageSchema":"1a1c01bbd47fc00a2c39e90264f33305004495a9","hash":"42d78880eee00024f1a48c8f6cda64a876a7aa50"}
,"/Users/robbykurniawan/Desktop/Technical Test/KeDA Tech/Parking-System/server/routes/index.js": {"path":"/Users/robbykurniawan/Desktop/Technical Test/KeDA Tech/Parking-System/server/routes/index.js","statementMap":{"0":{"start":{"line":1,"column":15},"end":{"line":1,"column":42}},"1":{"start":{"line":2,"column":22},"end":{"line":2,"column":48}},"2":{"start":{"line":4,"column":0},"end":{"line":4,"column":39}},"3":{"start":{"line":6,"column":0},"end":{"line":6,"column":24}}},"fnMap":{},"branchMap":{},"s":{"0":1,"1":1,"2":1,"3":1},"f":{},"b":{},"_coverageSchema":"1a1c01bbd47fc00a2c39e90264f33305004495a9","hash":"d51b0769ecde8d2fc28eff8e37f7e0aaf4c6190e"}
,"/Users/robbykurniawan/Desktop/Technical Test/KeDA Tech/Parking-System/server/routes/parkingRouter.js": {"path":"/Users/robbykurniawan/Desktop/Technical Test/KeDA Tech/Parking-System/server/routes/parkingRouter.js","statementMap":{"0":{"start":{"line":1,"column":15},"end":{"line":1,"column":42}},"1":{"start":{"line":2,"column":26},"end":{"line":2,"column":69}},"2":{"start":{"line":4,"column":0},"end":{"line":4,"column":47}},"3":{"start":{"line":5,"column":0},"end":{"line":5,"column":50}},"4":{"start":{"line":7,"column":0},"end":{"line":7,"column":24}}},"fnMap":{},"branchMap":{},"s":{"0":1,"1":1,"2":1,"3":1,"4":1},"f":{},"b":{},"_coverageSchema":"1a1c01bbd47fc00a2c39e90264f33305004495a9","hash":"4bfaeb05242f3fbceed9d48505d67bc5d9df083c"}
}
