TN:
SF:app.js
FNF:0
FNH:0
DA:1,1
DA:2,1
DA:4,1
DA:5,1
DA:6,1
DA:8,1
DA:9,1
DA:10,1
DA:12,1
DA:14,1
DA:16,1
LF:11
LH:11
BRF:0
BRH:0
end_of_record
TN:
SF:controllers/parkingController.js
FN:5,(anonymous_0)
FN:67,(anonymous_1)
FN:71,(anonymous_2)
FNF:3
FNH:3
FNDA:48,(anonymous_0)
FNDA:5,(anonymous_1)
FNDA:10,(anonymous_2)
DA:1,1
DA:2,1
DA:6,48
DA:7,48
DA:8,48
DA:9,32
DA:10,32
DA:16,48
DA:22,12
DA:26,36
DA:27,12
DA:31,24
DA:32,12
DA:37,48
DA:43,12
DA:47,36
DA:48,12
DA:52,24
DA:53,12
DA:58,48
DA:59,48
DA:60,48
DA:61,48
DA:63,0
DA:68,5
DA:69,5
DA:71,5
DA:72,10
DA:73,10
DA:74,10
DA:76,5
DA:77,5
DA:78,5
DA:79,5
DA:80,1
DA:82,4
DA:83,4
DA:84,4
DA:85,4
DA:86,4
DA:87,3
DA:88,0
DA:90,3
DA:91,1
DA:92,0
DA:94,1
DA:97,3
DA:98,0
DA:100,1
DA:101,0
DA:102,0
DA:104,0
DA:105,0
DA:106,0
DA:108,0
DA:111,0
DA:112,0
DA:115,4
DA:116,4
DA:122,1
DA:124,4
DA:129,1
LF:62
LH:50
BRDA:8,0,0,32
BRDA:8,0,1,16
BRDA:8,1,0,48
BRDA:8,1,1,48
BRDA:9,2,0,32
BRDA:9,2,1,0
BRDA:16,3,0,12
BRDA:16,3,1,36
BRDA:17,4,0,48
BRDA:17,4,1,48
BRDA:17,4,2,24
BRDA:17,4,3,24
BRDA:26,5,0,12
BRDA:26,5,1,24
BRDA:26,6,0,36
BRDA:26,6,1,36
BRDA:31,7,0,12
BRDA:31,7,1,12
BRDA:31,8,0,24
BRDA:31,8,1,24
BRDA:37,9,0,12
BRDA:37,9,1,36
BRDA:38,10,0,48
BRDA:38,10,1,48
BRDA:38,10,2,24
BRDA:38,10,3,24
BRDA:47,11,0,12
BRDA:47,11,1,24
BRDA:47,12,0,36
BRDA:47,12,1,36
BRDA:52,13,0,12
BRDA:52,13,1,12
BRDA:52,14,0,24
BRDA:52,14,1,24
BRDA:79,15,0,1
BRDA:79,15,1,4
BRDA:86,16,0,3
BRDA:86,16,1,1
BRDA:87,17,0,0
BRDA:87,17,1,3
BRDA:90,18,0,1
BRDA:90,18,1,2
BRDA:91,19,0,0
BRDA:91,19,1,1
BRDA:97,20,0,0
BRDA:97,20,1,3
BRDA:97,21,0,3
BRDA:97,21,1,0
BRDA:100,22,0,0
BRDA:100,22,1,1
BRDA:101,23,0,0
BRDA:101,23,1,0
BRDA:104,24,0,0
BRDA:104,24,1,0
BRDA:105,25,0,0
BRDA:105,25,1,0
BRDA:111,26,0,0
BRDA:111,26,1,0
BRDA:111,27,0,0
BRDA:111,27,1,0
BRF:60
BRH:44
end_of_record
TN:
SF:middlewares/errorHandler.js
FN:1,(anonymous_0)
FN:6,(anonymous_1)
FNF:2
FNH:2
FNDA:4,(anonymous_0)
FNDA:3,(anonymous_1)
DA:1,1
DA:2,4
DA:3,4
DA:4,4
DA:5,4
DA:6,3
DA:7,3
DA:8,3
DA:9,1
DA:10,1
DA:11,1
DA:13,4
DA:16,1
LF:13
LH:13
BRDA:5,0,0,3
BRDA:5,0,1,1
BRDA:9,1,0,1
BRDA:9,1,1,0
BRF:4
BRH:3
end_of_record
TN:
SF:models/index.js
FN:21,(anonymous_0)
FN:24,(anonymous_1)
FN:29,(anonymous_2)
FNF:3
FNH:3
FNDA:2,(anonymous_0)
FNDA:1,(anonymous_1)
FNDA:1,(anonymous_2)
DA:3,1
DA:4,1
DA:5,1
DA:6,1
DA:7,1
DA:8,1
DA:9,1
DA:10,1
DA:13,1
DA:14,0
DA:16,1
DA:19,1
DA:22,2
DA:25,1
DA:26,1
DA:29,1
DA:30,1
DA:31,1
DA:35,1
DA:36,1
DA:38,1
LF:21
LH:20
BRDA:8,0,0,1
BRDA:8,0,1,0
BRDA:13,1,0,0
BRDA:13,1,1,1
BRDA:22,2,0,2
BRDA:22,2,1,2
BRDA:22,2,2,1
BRDA:30,3,0,1
BRDA:30,3,1,0
BRF:9
BRH:6
end_of_record
TN:
SF:models/parking.js
FN:3,(anonymous_0)
FN:10,(anonymous_1)
FNF:2
FNH:2
FNDA:1,(anonymous_0)
FNDA:1,(anonymous_1)
DA:2,1
DA:3,1
DA:14,1
DA:70,1
LF:4
LH:4
BRF:0
BRH:0
end_of_record
TN:
SF:routes/index.js
FNF:0
FNH:0
DA:1,1
DA:2,1
DA:4,1
DA:6,1
LF:4
LH:4
BRF:0
BRH:0
end_of_record
TN:
SF:routes/parkingRouter.js
FNF:0
FNH:0
DA:1,1
DA:2,1
DA:4,1
DA:5,1
DA:7,1
LF:5
LH:5
BRF:0
BRH:0
end_of_record
